<?xml version="1.0" encoding="UTF-8"?>
<!-- Generated by org.testng.reporters.JUnitXMLReporter -->
<testsuite ignored="0" hostname="LAPTOP-13TRL6GD" failures="0" tests="6" name="Default test" time="6.394" errors="0" timestamp="2025-10-02T11:37:16 IST">
  <testcase classname="basic_api.HTTPMethods" name="testUsingPathParam" time="3.8"/>
  <testcase classname="basic_api.HTTPMethods" name="testUsingQueryParam" time="0.269"/>
  <testcase classname="basic_api.HTTPMethods" name="createUsers" time="1.309"/>
  <testcase classname="basic_api.HTTPMethods" name="createUsersFromFile" time="0.348"/>
  <testcase classname="basic_api.HTTPMethods" name="createUsersWithTestData" time="0.316"/>
  <testcase classname="basic_api.HTTPMethods" name="getUsers" time="0.239"/>
</testsuite> <!-- Default test -->
