<?xml version="1.0" encoding="UTF-8"?>
<testng-results ignored="0" total="6" passed="6" failed="0" skipped="0">
  <reporter-output>
  </reporter-output>
  <suite started-at="2025-10-02T11:37:10 IST" name="Default suite" finished-at="2025-10-02T11:37:16 IST" duration-ms="6394">
    <groups>
    </groups>
    <test started-at="2025-10-02T11:37:10 IST" name="Default test" finished-at="2025-10-02T11:37:16 IST" duration-ms="6394">
      <class name="basic_api.HTTPMethods">
        <test-method signature="testUsingPathParam()[pri:0, instance:basic_api.HTTPMethods@130d63be]" started-at="2025-10-02T11:37:10 IST" name="testUsingPathParam" finished-at="2025-10-02T11:37:14 IST" duration-ms="3800" status="PASS">
          <reporter-output>
          </reporter-output>
        </test-method> <!-- testUsingPathParam -->
        <test-method signature="testUsingQueryParam()[pri:0, instance:basic_api.HTTPMethods@130d63be]" started-at="2025-10-02T11:37:14 IST" name="testUsingQueryParam" finished-at="2025-10-02T11:37:14 IST" duration-ms="269" status="PASS">
          <reporter-output>
          </reporter-output>
        </test-method> <!-- testUsingQueryParam -->
        <test-method signature="createUsers()[pri:2, instance:basic_api.HTTPMethods@130d63be]" started-at="2025-10-02T11:37:14 IST" name="createUsers" finished-at="2025-10-02T11:37:15 IST" duration-ms="1309" status="PASS">
          <reporter-output>
          </reporter-output>
        </test-method> <!-- createUsers -->
        <test-method signature="createUsersFromFile()[pri:0, instance:basic_api.HTTPMethods@130d63be]" started-at="2025-10-02T11:37:16 IST" name="createUsersFromFile" finished-at="2025-10-02T11:37:16 IST" depends-on-methods="basic_api.HTTPMethods.createUsers" duration-ms="348" status="PASS">
          <reporter-output>
          </reporter-output>
        </test-method> <!-- createUsersFromFile -->
        <test-method signature="createUsersWithTestData()[pri:2, instance:basic_api.HTTPMethods@130d63be]" started-at="2025-10-02T11:37:16 IST" name="createUsersWithTestData" finished-at="2025-10-02T11:37:16 IST" duration-ms="316" status="PASS">
          <reporter-output>
          </reporter-output>
        </test-method> <!-- createUsersWithTestData -->
        <test-method signature="getUsers()[pri:3, instance:basic_api.HTTPMethods@130d63be]" started-at="2025-10-02T11:37:16 IST" name="getUsers" finished-at="2025-10-02T11:37:16 IST" duration-ms="239" status="PASS">
          <reporter-output>
          </reporter-output>
        </test-method> <!-- getUsers -->
      </class> <!-- basic_api.HTTPMethods -->
    </test> <!-- Default test -->
  </suite> <!-- Default suite -->
</testng-results>
