<?xml version="1.0" encoding="UTF-8"?>
<testng-results ignored="0" total="4" passed="4" failed="0" skipped="0">
  <reporter-output>
  </reporter-output>
  <suite started-at="2025-10-01T17:36:11 IST" name="Default suite" finished-at="2025-10-01T17:36:17 IST" duration-ms="5589">
    <groups>
    </groups>
    <test started-at="2025-10-01T17:36:11 IST" name="Default test" finished-at="2025-10-01T17:36:17 IST" duration-ms="5589">
      <class name="basic_api.HTTPMethods">
        <test-method signature="createUsers()[pri:2, instance:basic_api.HTTPMethods@4f83df68]" started-at="2025-10-01T17:36:11 IST" name="createUsers" finished-at="2025-10-01T17:36:15 IST" duration-ms="3251" status="PASS">
          <reporter-output>
          </reporter-output>
        </test-method> <!-- createUsers -->
        <test-method signature="createUsersFromFile()[pri:0, instance:basic_api.HTTPMethods@4f83df68]" started-at="2025-10-01T17:36:15 IST" name="createUsersFromFile" finished-at="2025-10-01T17:36:15 IST" depends-on-methods="basic_api.HTTPMethods.createUsers" duration-ms="384" status="PASS">
          <reporter-output>
          </reporter-output>
        </test-method> <!-- createUsersFromFile -->
        <test-method signature="createUsersWithTestData()[pri:2, instance:basic_api.HTTPMethods@4f83df68]" started-at="2025-10-01T17:36:15 IST" name="createUsersWithTestData" finished-at="2025-10-01T17:36:16 IST" duration-ms="505" status="PASS">
          <reporter-output>
          </reporter-output>
        </test-method> <!-- createUsersWithTestData -->
        <test-method signature="getUsers()[pri:3, instance:basic_api.HTTPMethods@4f83df68]" started-at="2025-10-01T17:36:16 IST" name="getUsers" finished-at="2025-10-01T17:36:17 IST" duration-ms="1346" status="PASS">
          <reporter-output>
          </reporter-output>
        </test-method> <!-- getUsers -->
      </class> <!-- basic_api.HTTPMethods -->
    </test> <!-- Default test -->
  </suite> <!-- Default suite -->
</testng-results>
